<?xml version="1.0" encoding="UTF-8"?>
<!-- Generated by org.testng.reporters.JUnitXMLReporter -->
<testsuite ignored="0" hostname="DESKTOP-9CKIDE8" failures="1" tests="3" name="ErrorValidation" time="110.375" errors="0" timestamp="2025-05-20T00:30:14 IST">
  <testcase classname="AutomationPractise.SeleniumFramwork0705.ErrorValidationTest" name="EndToEndTest" time="4.064">
    <skipped/>
  </testcase> <!-- EndToEndTest -->
  <testcase classname="AutomationPractise.SeleniumFramwork0705.ErrorValidationTest" name="EndToEndTest" time="4.578">
    <failure type="java.lang.AssertionError" message="expected [Incorrect 3email or password.] but found [Incorrect email or password.]">
      <![CDATA[java.lang.AssertionError: expected [Incorrect 3email or password.] but found [Incorrect email or password.]
at AutomationPractise.SeleniumFramwork0705.ErrorValidationTest.EndToEndTest(ErrorValidationTest.java:31)
at java.base/java.util.ArrayList.forEach(ArrayList.java:1596)
at java.base/java.util.concurrent.FutureTask.run(FutureTask.java:317)
at java.base/java.util.concurrent.ThreadPoolExecutor.runWorker(ThreadPoolExecutor.java:1144)
at java.base/java.util.concurrent.ThreadPoolExecutor$Worker.run(ThreadPoolExecutor.java:642)
at java.base/java.lang.Thread.run(Thread.java:1583)
... Removed 21 stack frames]]>
    </failure>
  </testcase> <!-- EndToEndTest -->
  <testcase classname="AutomationPractise.SeleniumFramwork0705.ErrorValidationTest" name="ProductErrorValidation" time="56.687"/>
</testsuite> <!-- ErrorValidation -->
